<?xml version="1.0" encoding="UTF-8"?>
<!-- Generated by org.testng.reporters.JUnitXMLReporter -->
<testsuite ignored="0" hostname="PC" failures="0" tests="12" name="Command line test" time="0.078" errors="0" timestamp="2022-09-18T23:14:02 YEKT">
  <testcase classname="TestMessaging" name="test" time="0.04"/>
  <testcase classname="TestMessaging" name="test" time="0.04"/>
  <testcase classname="TestMessaging" name="test" time="0.041"/>
  <testcase classname="TestMessaging" name="test" time="0.041"/>
  <testcase classname="TestMessaging" name="test" time="0.041"/>
  <testcase classname="TestMessaging" name="test" time="0.04"/>
  <testcase classname="TestMessaging" name="test" time="0.041"/>
  <testcase classname="TestMessaging" name="test" time="0.041"/>
  <testcase classname="TestMessaging" name="test" time="0.04"/>
  <testcase classname="TestMessaging" name="test" time="0.04"/>
  <testcase classname="TestMessaging" name="test" time="0.04"/>
  <testcase classname="TestMessaging" name="test" time="0.04"/>
</testsuite> <!-- Command line test -->
