<?xml version="1.0" encoding="UTF-8"?>
<testng-results ignored="0" total="12" passed="12" failed="0" skipped="0">
  <reporter-output>
  </reporter-output>
  <suite started-at="2022-09-18T23:14:02 YEKT" name="TestMessaging" finished-at="2022-09-18T23:14:02 YEKT" duration-ms="78">
    <groups>
    </groups>
    <test started-at="2022-09-18T23:14:02 YEKT" name="Command line test" finished-at="2022-09-18T23:14:02 YEKT" duration-ms="78">
      <class name="TestMessaging">
        <test-method signature="test()[pri:0, instance:TestMessaging@31206beb]" started-at="2022-09-18T23:14:02 YEKT" name="test" finished-at="2022-09-18T23:14:02 YEKT" duration-ms="41" status="PASS">
          <reporter-output>
          </reporter-output>
        </test-method> <!-- test -->
        <test-method signature="test()[pri:0, instance:TestMessaging@31206beb]" started-at="2022-09-18T23:14:02 YEKT" name="test" finished-at="2022-09-18T23:14:02 YEKT" duration-ms="40" status="PASS">
          <reporter-output>
          </reporter-output>
        </test-method> <!-- test -->
        <test-method signature="test()[pri:0, instance:TestMessaging@31206beb]" started-at="2022-09-18T23:14:02 YEKT" name="test" finished-at="2022-09-18T23:14:02 YEKT" duration-ms="40" status="PASS">
          <reporter-output>
          </reporter-output>
        </test-method> <!-- test -->
        <test-method signature="test()[pri:0, instance:TestMessaging@31206beb]" started-at="2022-09-18T23:14:02 YEKT" name="test" finished-at="2022-09-18T23:14:02 YEKT" duration-ms="41" status="PASS">
          <reporter-output>
          </reporter-output>
        </test-method> <!-- test -->
        <test-method signature="test()[pri:0, instance:TestMessaging@31206beb]" started-at="2022-09-18T23:14:02 YEKT" name="test" finished-at="2022-09-18T23:14:02 YEKT" duration-ms="41" status="PASS">
          <reporter-output>
          </reporter-output>
        </test-method> <!-- test -->
        <test-method signature="test()[pri:0, instance:TestMessaging@31206beb]" started-at="2022-09-18T23:14:02 YEKT" name="test" finished-at="2022-09-18T23:14:02 YEKT" duration-ms="40" status="PASS">
          <reporter-output>
          </reporter-output>
        </test-method> <!-- test -->
        <test-method signature="test()[pri:0, instance:TestMessaging@31206beb]" started-at="2022-09-18T23:14:02 YEKT" name="test" finished-at="2022-09-18T23:14:02 YEKT" duration-ms="40" status="PASS">
          <reporter-output>
          </reporter-output>
        </test-method> <!-- test -->
        <test-method signature="test()[pri:0, instance:TestMessaging@31206beb]" started-at="2022-09-18T23:14:02 YEKT" name="test" finished-at="2022-09-18T23:14:02 YEKT" duration-ms="40" status="PASS">
          <reporter-output>
          </reporter-output>
        </test-method> <!-- test -->
        <test-method signature="test()[pri:0, instance:TestMessaging@31206beb]" started-at="2022-09-18T23:14:02 YEKT" name="test" finished-at="2022-09-18T23:14:02 YEKT" duration-ms="40" status="PASS">
          <reporter-output>
          </reporter-output>
        </test-method> <!-- test -->
        <test-method signature="test()[pri:0, instance:TestMessaging@31206beb]" started-at="2022-09-18T23:14:02 YEKT" name="test" finished-at="2022-09-18T23:14:02 YEKT" duration-ms="41" status="PASS">
          <reporter-output>
          </reporter-output>
        </test-method> <!-- test -->
        <test-method signature="test()[pri:0, instance:TestMessaging@31206beb]" started-at="2022-09-18T23:14:02 YEKT" name="test" finished-at="2022-09-18T23:14:02 YEKT" duration-ms="40" status="PASS">
          <reporter-output>
          </reporter-output>
        </test-method> <!-- test -->
        <test-method signature="test()[pri:0, instance:TestMessaging@31206beb]" started-at="2022-09-18T23:14:02 YEKT" name="test" finished-at="2022-09-18T23:14:02 YEKT" duration-ms="41" status="PASS">
          <reporter-output>
          </reporter-output>
        </test-method> <!-- test -->
      </class> <!-- TestMessaging -->
    </test> <!-- Command line test -->
  </suite> <!-- TestMessaging -->
</testng-results>
